{
    "meta": {
        "version": "5.5",
        "timestamp": "2021-05-18T16:45:53.748413",
        "branch_coverage": true,
        "show_contexts": false
    },
    "files": {
        "izip.py": {
            "executed_lines": [
                3,
                6,
                15,
                36,
                37,
                38,
                39,
                40,
                41,
                42,
                43,
                44
            ],
            "summary": {
                "covered_lines": 12,
                "num_statements": 12,
                "percent_covered": 95.0,
                "missing_lines": 0,
                "excluded_lines": 0,
                "num_branches": 8,
                "num_partial_branches": 1,
                "covered_branches": 7,
                "missing_branches": 1
            },
            "missing_lines": [],
            "excluded_lines": []
        },
        "test_izip.py": {
            "executed_lines": [
                3,
                6,
                9,
                11,
                14,
                16,
                17,
                21,
                23,
                24,
                25,
                26,
                29,
                31,
                32,
                33,
                34
            ],
            "summary": {
                "covered_lines": 17,
                "num_statements": 18,
                "percent_covered": 90.0,
                "missing_lines": 1,
                "excluded_lines": 0,
                "num_branches": 2,
                "num_partial_branches": 1,
                "covered_branches": 1,
                "missing_branches": 1
            },
            "missing_lines": [
                18
            ],
            "excluded_lines": []
        }
    },
    "totals": {
        "covered_lines": 29,
        "num_statements": 30,
        "percent_covered": 92.5,
        "missing_lines": 1,
        "excluded_lines": 0,
        "num_branches": 10,
        "num_partial_branches": 2,
        "covered_branches": 8,
        "missing_branches": 2
    }
}