{
    "meta": {
        "version": "5.5",
        "timestamp": "2021-05-25T00:16:34.544115",
        "branch_coverage": true,
        "show_contexts": false
    },
    "files": {
        "izip.py": {
            "executed_lines": [
                3,
                6,
                9,
                18,
                39,
                40,
                41,
                42,
                43,
                44,
                45,
                46,
                47
            ],
            "summary": {
                "covered_lines": 13,
                "num_statements": 13,
                "percent_covered": 95.23809523809524,
                "missing_lines": 0,
                "excluded_lines": 0,
                "num_branches": 8,
                "num_partial_branches": 1,
                "covered_branches": 7,
                "missing_branches": 1
            },
            "missing_lines": [],
            "excluded_lines": []
        },
        "test_izip.py": {
            "executed_lines": [
                3,
                6,
                9,
                11,
                13,
                16,
                18,
                19,
                23,
                25,
                26,
                27,
                28,
                31,
                37,
                39,
                40
            ],
            "summary": {
                "covered_lines": 17,
                "num_statements": 18,
                "percent_covered": 90.0,
                "missing_lines": 1,
                "excluded_lines": 0,
                "num_branches": 2,
                "num_partial_branches": 1,
                "covered_branches": 1,
                "missing_branches": 1
            },
            "missing_lines": [
                20
            ],
            "excluded_lines": []
        }
    },
    "totals": {
        "covered_lines": 30,
        "num_statements": 31,
        "percent_covered": 92.6829268292683,
        "missing_lines": 1,
        "excluded_lines": 0,
        "num_branches": 10,
        "num_partial_branches": 2,
        "covered_branches": 8,
        "missing_branches": 2
    }
}