{
    "meta": {
        "version": "5.5",
        "timestamp": "2021-08-06T18:36:38.500957",
        "branch_coverage": true,
        "show_contexts": false
    },
    "files": {
        "izip.py": {
            "executed_lines": [
                3,
                6,
                9,
                22,
                43,
                44,
                45,
                46,
                47,
                48,
                49,
                50,
                51,
                52
            ],
            "summary": {
                "covered_lines": 14,
                "num_statements": 14,
                "percent_covered": 95.45454545454545,
                "missing_lines": 0,
                "excluded_lines": 0,
                "num_branches": 8,
                "num_partial_branches": 1,
                "covered_branches": 7,
                "missing_branches": 1
            },
            "missing_lines": [],
            "excluded_lines": []
        },
        "test_izip.py": {
            "executed_lines": [
                3,
                6,
                9,
                11,
                17,
                18,
                20,
                23,
                25,
                26,
                27
            ],
            "summary": {
                "covered_lines": 11,
                "num_statements": 11,
                "percent_covered": 100.0,
                "missing_lines": 0,
                "excluded_lines": 0,
                "num_branches": 4,
                "num_partial_branches": 0,
                "covered_branches": 4,
                "missing_branches": 0
            },
            "missing_lines": [],
            "excluded_lines": []
        }
    },
    "totals": {
        "covered_lines": 25,
        "num_statements": 25,
        "percent_covered": 97.29729729729729,
        "missing_lines": 0,
        "excluded_lines": 0,
        "num_branches": 12,
        "num_partial_branches": 1,
        "covered_branches": 11,
        "missing_branches": 1
    }
}