{
    "meta": {
        "version": "5.5",
        "timestamp": "2021-08-31T10:59:38.496800",
        "branch_coverage": true,
        "show_contexts": false
    },
    "files": {
        "even_fibonacci_gen.py": {
            "executed_lines": [
                3,
                6,
                9,
                10,
                18,
                49,
                51,
                52,
                53,
                54,
                55,
                56,
                57,
                58,
                59,
                61,
                62,
                63,
                64,
                65,
                66
            ],
            "summary": {
                "covered_lines": 21,
                "num_statements": 21,
                "percent_covered": 100.0,
                "missing_lines": 0,
                "excluded_lines": 0,
                "num_branches": 10,
                "num_partial_branches": 0,
                "covered_branches": 10,
                "missing_branches": 0
            },
            "missing_lines": [],
            "excluded_lines": []
        },
        "fibonacci_gen.py": {
            "executed_lines": [
                3,
                6,
                9,
                10,
                18,
                49,
                51,
                52,
                53,
                54,
                55,
                56,
                57,
                58,
                60,
                61,
                62,
                63,
                64,
                65
            ],
            "summary": {
                "covered_lines": 20,
                "num_statements": 20,
                "percent_covered": 100.0,
                "missing_lines": 0,
                "excluded_lines": 0,
                "num_branches": 10,
                "num_partial_branches": 0,
                "covered_branches": 10,
                "missing_branches": 0
            },
            "missing_lines": [],
            "excluded_lines": []
        },
        "fibonacci_rec.py": {
            "executed_lines": [
                3,
                6,
                9,
                10,
                19,
                47,
                49,
                50,
                51,
                53,
                54,
                55,
                56,
                57,
                58
            ],
            "summary": {
                "covered_lines": 15,
                "num_statements": 15,
                "percent_covered": 100.0,
                "missing_lines": 0,
                "excluded_lines": 0,
                "num_branches": 6,
                "num_partial_branches": 0,
                "covered_branches": 6,
                "missing_branches": 0
            },
            "missing_lines": [],
            "excluded_lines": []
        },
        "test_fibonacci.py": {
            "executed_lines": [
                3,
                6,
                9,
                11,
                12,
                13,
                16,
                17,
                19,
                20,
                21,
                22,
                23,
                24,
                27,
                28,
                30,
                31,
                32,
                33,
                34,
                35,
                38,
                39,
                41,
                42,
                43,
                44,
                45,
                48,
                57,
                59,
                60,
                61
            ],
            "summary": {
                "covered_lines": 34,
                "num_statements": 34,
                "percent_covered": 100.0,
                "missing_lines": 0,
                "excluded_lines": 0,
                "num_branches": 6,
                "num_partial_branches": 0,
                "covered_branches": 6,
                "missing_branches": 0
            },
            "missing_lines": [],
            "excluded_lines": []
        }
    },
    "totals": {
        "covered_lines": 90,
        "num_statements": 90,
        "percent_covered": 100.0,
        "missing_lines": 0,
        "excluded_lines": 0,
        "num_branches": 32,
        "num_partial_branches": 0,
        "covered_branches": 32,
        "missing_branches": 0
    }
}