{
    "meta": {
        "version": "5.5",
        "timestamp": "2021-08-30T17:17:54.988348",
        "branch_coverage": true,
        "show_contexts": false
    },
    "files": {
        "abs_.py": {
            "executed_lines": [
                3,
                6,
                9,
                17,
                20,
                33,
                34,
                35
            ],
            "summary": {
                "covered_lines": 8,
                "num_statements": 8,
                "percent_covered": 100.0,
                "missing_lines": 0,
                "excluded_lines": 0,
                "num_branches": 2,
                "num_partial_branches": 0,
                "covered_branches": 2,
                "missing_branches": 0
            },
            "missing_lines": [],
            "excluded_lines": []
        },
        "test_abs.py": {
            "executed_lines": [
                3,
                6,
                9,
                11,
                13,
                19,
                20,
                22,
                23,
                26,
                27,
                29
            ],
            "summary": {
                "covered_lines": 12,
                "num_statements": 12,
                "percent_covered": 100.0,
                "missing_lines": 0,
                "excluded_lines": 0,
                "num_branches": 0,
                "num_partial_branches": 0,
                "covered_branches": 0,
                "missing_branches": 0
            },
            "missing_lines": [],
            "excluded_lines": []
        }
    },
    "totals": {
        "covered_lines": 20,
        "num_statements": 20,
        "percent_covered": 100.0,
        "missing_lines": 0,
        "excluded_lines": 0,
        "num_branches": 2,
        "num_partial_branches": 0,
        "covered_branches": 2,
        "missing_branches": 0
    }
}