{
    "meta": {
        "version": "5.5",
        "timestamp": "2021-08-06T18:37:53.203180",
        "branch_coverage": true,
        "show_contexts": false
    },
    "files": {
        "ifilter.py": {
            "executed_lines": [
                3,
                6,
                9,
                22,
                57,
                59,
                61,
                62,
                64,
                65,
                66,
                67,
                69,
                70
            ],
            "summary": {
                "covered_lines": 14,
                "num_statements": 14,
                "percent_covered": 100.0,
                "missing_lines": 0,
                "excluded_lines": 0,
                "num_branches": 6,
                "num_partial_branches": 0,
                "covered_branches": 6,
                "missing_branches": 0
            },
            "missing_lines": [],
            "excluded_lines": []
        },
        "test_ifilter.py": {
            "executed_lines": [
                3,
                6,
                9,
                11,
                13,
                19,
                20,
                22,
                28,
                30,
                31,
                34,
                36,
                37,
                40,
                42,
                43,
                46,
                48,
                49,
                50,
                51
            ],
            "summary": {
                "covered_lines": 22,
                "num_statements": 22,
                "percent_covered": 100.0,
                "missing_lines": 0,
                "excluded_lines": 0,
                "num_branches": 6,
                "num_partial_branches": 0,
                "covered_branches": 6,
                "missing_branches": 0
            },
            "missing_lines": [],
            "excluded_lines": []
        }
    },
    "totals": {
        "covered_lines": 36,
        "num_statements": 36,
        "percent_covered": 100.0,
        "missing_lines": 0,
        "excluded_lines": 0,
        "num_branches": 12,
        "num_partial_branches": 0,
        "covered_branches": 12,
        "missing_branches": 0
    }
}