{
    "meta": {
        "version": "5.5",
        "timestamp": "2021-08-01T17:44:04.975585",
        "branch_coverage": true,
        "show_contexts": false
    },
    "files": {
        "iterative_shell_sort.py": {
            "executed_lines": [
                3,
                15,
                18,
                26,
                39,
                40,
                41,
                42,
                43,
                44,
                45,
                46,
                47,
                48
            ],
            "summary": {
                "covered_lines": 14,
                "num_statements": 14,
                "percent_covered": 100.0,
                "missing_lines": 0,
                "excluded_lines": 0,
                "num_branches": 8,
                "num_partial_branches": 0,
                "covered_branches": 8,
                "missing_branches": 0
            },
            "missing_lines": [],
            "excluded_lines": []
        },
        "test_shell_sort.py": {
            "executed_lines": [
                3,
                6,
                9,
                11,
                19,
                20,
                22,
                26,
                27,
                29,
                30,
                34,
                35,
                37,
                38,
                42,
                43,
                45,
                46,
                50,
                53,
                55
            ],
            "summary": {
                "covered_lines": 22,
                "num_statements": 22,
                "percent_covered": 100.0,
                "missing_lines": 0,
                "excluded_lines": 0,
                "num_branches": 0,
                "num_partial_branches": 0,
                "covered_branches": 0,
                "missing_branches": 0
            },
            "missing_lines": [],
            "excluded_lines": []
        }
    },
    "totals": {
        "covered_lines": 36,
        "num_statements": 36,
        "percent_covered": 100.0,
        "missing_lines": 0,
        "excluded_lines": 0,
        "num_branches": 8,
        "num_partial_branches": 0,
        "covered_branches": 8,
        "missing_branches": 0
    }
}