{
    "meta": {
        "version": "5.5",
        "timestamp": "2021-05-23T14:14:47.601498",
        "branch_coverage": true,
        "show_contexts": false
    },
    "files": {
        "insertion_sort.py": {
            "executed_lines": [
                3,
                6,
                9,
                17,
                34,
                35,
                36,
                37,
                38,
                39,
                40,
                41,
                42,
                43
            ],
            "summary": {
                "covered_lines": 14,
                "num_statements": 14,
                "percent_covered": 100.0,
                "missing_lines": 0,
                "excluded_lines": 0,
                "num_branches": 4,
                "num_partial_branches": 0,
                "covered_branches": 4,
                "missing_branches": 0
            },
            "missing_lines": [],
            "excluded_lines": []
        },
        "test_insertion_sort.py": {
            "executed_lines": [
                3,
                6,
                9,
                11,
                17,
                18,
                20,
                23,
                24,
                26,
                29,
                32,
                34
            ],
            "summary": {
                "covered_lines": 13,
                "num_statements": 13,
                "percent_covered": 100.0,
                "missing_lines": 0,
                "excluded_lines": 0,
                "num_branches": 0,
                "num_partial_branches": 0,
                "covered_branches": 0,
                "missing_branches": 0
            },
            "missing_lines": [],
            "excluded_lines": []
        }
    },
    "totals": {
        "covered_lines": 27,
        "num_statements": 27,
        "percent_covered": 100.0,
        "missing_lines": 0,
        "excluded_lines": 0,
        "num_branches": 4,
        "num_partial_branches": 0,
        "covered_branches": 4,
        "missing_branches": 0
    }
}