{
    "meta": {
        "version": "5.5",
        "timestamp": "2021-08-06T16:03:05.345830",
        "branch_coverage": true,
        "show_contexts": false
    },
    "files": {
        "iterative_bubble_sort.py": {
            "executed_lines": [
                3,
                6,
                9,
                17,
                30,
                31,
                32,
                33,
                34,
                35,
                36,
                37,
                38,
                39,
                40,
                41
            ],
            "summary": {
                "covered_lines": 16,
                "num_statements": 16,
                "percent_covered": 100.0,
                "missing_lines": 0,
                "excluded_lines": 0,
                "num_branches": 8,
                "num_partial_branches": 0,
                "covered_branches": 8,
                "missing_branches": 0
            },
            "missing_lines": [],
            "excluded_lines": []
        },
        "recursive_bubble_sort.py": {
            "executed_lines": [
                3,
                6,
                9,
                17,
                31,
                33,
                34,
                35,
                36,
                37,
                38,
                39,
                41,
                42,
                43
            ],
            "summary": {
                "covered_lines": 15,
                "num_statements": 15,
                "percent_covered": 100.0,
                "missing_lines": 0,
                "excluded_lines": 0,
                "num_branches": 6,
                "num_partial_branches": 0,
                "covered_branches": 6,
                "missing_branches": 0
            },
            "missing_lines": [],
            "excluded_lines": []
        },
        "test_bubble_sort.py": {
            "executed_lines": [
                3,
                6,
                9,
                11,
                12,
                18,
                19,
                21,
                22,
                25,
                26,
                28,
                29,
                30,
                33,
                36,
                38,
                39,
                40,
                43,
                46,
                48,
                49,
                50,
                53,
                56,
                58
            ],
            "summary": {
                "covered_lines": 27,
                "num_statements": 28,
                "percent_covered": 96.42857142857143,
                "missing_lines": 1,
                "excluded_lines": 0,
                "num_branches": 0,
                "num_partial_branches": 0,
                "covered_branches": 0,
                "missing_branches": 0
            },
            "missing_lines": [
                59
            ],
            "excluded_lines": []
        }
    },
    "totals": {
        "covered_lines": 58,
        "num_statements": 59,
        "percent_covered": 98.63013698630137,
        "missing_lines": 1,
        "excluded_lines": 0,
        "num_branches": 14,
        "num_partial_branches": 0,
        "covered_branches": 14,
        "missing_branches": 0
    }
}