{
    "meta": {
        "version": "5.5",
        "timestamp": "2021-08-06T16:28:46.836605",
        "branch_coverage": true,
        "show_contexts": false
    },
    "files": {
        "iterative_merge_sort.py": {
            "executed_lines": [
                3,
                6,
                9,
                18,
                32,
                33,
                34,
                35,
                36,
                37,
                38,
                39,
                40,
                41,
                43,
                44,
                46,
                47,
                61,
                74,
                75,
                76,
                77,
                78,
                79,
                80,
                81,
                82,
                83,
                84
            ],
            "summary": {
                "covered_lines": 30,
                "num_statements": 30,
                "percent_covered": 100.0,
                "missing_lines": 0,
                "excluded_lines": 0,
                "num_branches": 8,
                "num_partial_branches": 0,
                "covered_branches": 8,
                "missing_branches": 0
            },
            "missing_lines": [],
            "excluded_lines": []
        },
        "recursive_merge_sort.py": {
            "executed_lines": [
                3,
                6,
                9,
                18,
                32,
                33,
                34,
                35,
                36,
                37,
                38,
                39,
                40,
                41,
                43,
                44,
                46,
                47,
                55,
                68,
                69,
                70,
                71,
                72,
                73,
                74
            ],
            "summary": {
                "covered_lines": 26,
                "num_statements": 26,
                "percent_covered": 100.0,
                "missing_lines": 0,
                "excluded_lines": 0,
                "num_branches": 6,
                "num_partial_branches": 0,
                "covered_branches": 6,
                "missing_branches": 0
            },
            "missing_lines": [],
            "excluded_lines": []
        },
        "test_merge_sort.py": {
            "executed_lines": [
                3,
                6,
                9,
                11,
                12,
                18,
                19,
                21,
                22,
                25,
                26,
                28,
                29,
                30,
                33,
                36,
                38,
                39,
                40,
                43,
                46,
                48,
                49,
                50,
                53,
                56,
                58
            ],
            "summary": {
                "covered_lines": 27,
                "num_statements": 28,
                "percent_covered": 96.42857142857143,
                "missing_lines": 1,
                "excluded_lines": 0,
                "num_branches": 0,
                "num_partial_branches": 0,
                "covered_branches": 0,
                "missing_branches": 0
            },
            "missing_lines": [
                59
            ],
            "excluded_lines": []
        }
    },
    "totals": {
        "covered_lines": 83,
        "num_statements": 84,
        "percent_covered": 98.9795918367347,
        "missing_lines": 1,
        "excluded_lines": 0,
        "num_branches": 14,
        "num_partial_branches": 0,
        "covered_branches": 14,
        "missing_branches": 0
    }
}