{
    "meta": {
        "version": "5.5",
        "timestamp": "2021-05-23T14:14:31.038571",
        "branch_coverage": true,
        "show_contexts": false
    },
    "files": {
        "merge_sort.py": {
            "executed_lines": [
                3,
                6,
                9,
                18,
                33,
                34,
                35,
                36,
                37,
                38,
                39,
                40,
                41,
                42,
                44,
                45,
                48,
                49,
                50,
                51,
                52,
                53,
                54,
                62,
                78,
                79,
                80,
                81,
                82,
                83,
                84
            ],
            "summary": {
                "covered_lines": 31,
                "num_statements": 31,
                "percent_covered": 100.0,
                "missing_lines": 0,
                "excluded_lines": 0,
                "num_branches": 10,
                "num_partial_branches": 0,
                "covered_branches": 10,
                "missing_branches": 0
            },
            "missing_lines": [],
            "excluded_lines": []
        },
        "test_merge_sort.py": {
            "executed_lines": [
                3,
                6,
                9,
                11,
                17,
                18,
                20,
                23,
                27,
                29,
                30,
                33,
                41,
                43,
                44,
                47,
                55,
                57,
                58,
                61,
                62,
                64,
                67,
                68,
                70,
                73,
                76,
                78
            ],
            "summary": {
                "covered_lines": 28,
                "num_statements": 28,
                "percent_covered": 100.0,
                "missing_lines": 0,
                "excluded_lines": 0,
                "num_branches": 0,
                "num_partial_branches": 0,
                "covered_branches": 0,
                "missing_branches": 0
            },
            "missing_lines": [],
            "excluded_lines": []
        }
    },
    "totals": {
        "covered_lines": 59,
        "num_statements": 59,
        "percent_covered": 100.0,
        "missing_lines": 0,
        "excluded_lines": 0,
        "num_branches": 10,
        "num_partial_branches": 0,
        "covered_branches": 10,
        "missing_branches": 0
    }
}