{
    "meta": {
        "version": "5.5",
        "timestamp": "2021-05-18T17:12:13.195729",
        "branch_coverage": true,
        "show_contexts": false
    },
    "files": {
        "linear_search.py": {
            "executed_lines": [
                3,
                6,
                14,
                30,
                31,
                32,
                33,
                36,
                52,
                53,
                54,
                55,
                56,
                57,
                58
            ],
            "summary": {
                "covered_lines": 15,
                "num_statements": 15,
                "percent_covered": 100.0,
                "missing_lines": 0,
                "excluded_lines": 0,
                "num_branches": 10,
                "num_partial_branches": 0,
                "covered_branches": 10,
                "missing_branches": 0
            },
            "missing_lines": [],
            "excluded_lines": []
        },
        "test_linear_search.py": {
            "executed_lines": [
                3,
                6,
                9,
                11,
                14,
                15,
                17,
                20,
                23,
                25,
                28,
                29,
                31,
                32
            ],
            "summary": {
                "covered_lines": 14,
                "num_statements": 14,
                "percent_covered": 100.0,
                "missing_lines": 0,
                "excluded_lines": 0,
                "num_branches": 2,
                "num_partial_branches": 0,
                "covered_branches": 2,
                "missing_branches": 0
            },
            "missing_lines": [],
            "excluded_lines": []
        }
    },
    "totals": {
        "covered_lines": 29,
        "num_statements": 29,
        "percent_covered": 100.0,
        "missing_lines": 0,
        "excluded_lines": 0,
        "num_branches": 12,
        "num_partial_branches": 0,
        "covered_branches": 12,
        "missing_branches": 0
    }
}