{
    "meta": {
        "version": "5.5",
        "timestamp": "2021-08-26T12:48:00.050408",
        "branch_coverage": true,
        "show_contexts": false
    },
    "files": {
        "ichain.py": {
            "executed_lines": [
                3,
                6,
                9,
                22,
                40,
                41,
                42
            ],
            "summary": {
                "covered_lines": 7,
                "num_statements": 7,
                "percent_covered": 100.0,
                "missing_lines": 0,
                "excluded_lines": 0,
                "num_branches": 4,
                "num_partial_branches": 0,
                "covered_branches": 4,
                "missing_branches": 0
            },
            "missing_lines": [],
            "excluded_lines": []
        },
        "test_ichain.py": {
            "executed_lines": [
                3,
                6,
                9,
                11,
                13,
                19,
                28,
                30
            ],
            "summary": {
                "covered_lines": 8,
                "num_statements": 8,
                "percent_covered": 100.0,
                "missing_lines": 0,
                "excluded_lines": 0,
                "num_branches": 0,
                "num_partial_branches": 0,
                "covered_branches": 0,
                "missing_branches": 0
            },
            "missing_lines": [],
            "excluded_lines": []
        }
    },
    "totals": {
        "covered_lines": 15,
        "num_statements": 15,
        "percent_covered": 100.0,
        "missing_lines": 0,
        "excluded_lines": 0,
        "num_branches": 4,
        "num_partial_branches": 0,
        "covered_branches": 4,
        "missing_branches": 0
    }
}