{
    "meta": {
        "version": "5.5",
        "timestamp": "2021-05-19T20:54:46.176300",
        "branch_coverage": true,
        "show_contexts": false
    },
    "files": {
        "binary_search.py": {
            "executed_lines": [
                3,
                6,
                14,
                36,
                37,
                38,
                40,
                41,
                42,
                43,
                44,
                45,
                47,
                48,
                51,
                73,
                94,
                96,
                97,
                98,
                99,
                100,
                101,
                102,
                103,
                105
            ],
            "summary": {
                "covered_lines": 26,
                "num_statements": 26,
                "percent_covered": 100.0,
                "missing_lines": 0,
                "excluded_lines": 0,
                "num_branches": 12,
                "num_partial_branches": 0,
                "covered_branches": 12,
                "missing_branches": 0
            },
            "missing_lines": [],
            "excluded_lines": []
        },
        "test_binary_search.py": {
            "executed_lines": [
                3,
                6,
                9,
                11,
                14,
                15,
                17,
                20,
                23,
                25,
                28,
                29,
                31,
                32
            ],
            "summary": {
                "covered_lines": 14,
                "num_statements": 14,
                "percent_covered": 100.0,
                "missing_lines": 0,
                "excluded_lines": 0,
                "num_branches": 2,
                "num_partial_branches": 0,
                "covered_branches": 2,
                "missing_branches": 0
            },
            "missing_lines": [],
            "excluded_lines": []
        }
    },
    "totals": {
        "covered_lines": 40,
        "num_statements": 40,
        "percent_covered": 100.0,
        "missing_lines": 0,
        "excluded_lines": 0,
        "num_branches": 14,
        "num_partial_branches": 0,
        "covered_branches": 14,
        "missing_branches": 0
    }
}