{
    "meta": {
        "version": "5.5",
        "timestamp": "2021-05-23T14:13:01.574840",
        "branch_coverage": true,
        "show_contexts": false
    },
    "files": {
        "binary_search.py": {
            "executed_lines": [
                3,
                6,
                9,
                17,
                39,
                40,
                41,
                43,
                44,
                45,
                46,
                47,
                48,
                50,
                51,
                54,
                76,
                97,
                99,
                100,
                101,
                102,
                103,
                104,
                105,
                106,
                108
            ],
            "summary": {
                "covered_lines": 27,
                "num_statements": 27,
                "percent_covered": 100.0,
                "missing_lines": 0,
                "excluded_lines": 0,
                "num_branches": 12,
                "num_partial_branches": 0,
                "covered_branches": 12,
                "missing_branches": 0
            },
            "missing_lines": [],
            "excluded_lines": []
        },
        "test_binary_search.py": {
            "executed_lines": [
                3,
                6,
                9,
                11,
                14,
                15,
                17,
                20,
                23,
                25,
                28,
                29,
                31,
                32
            ],
            "summary": {
                "covered_lines": 14,
                "num_statements": 14,
                "percent_covered": 100.0,
                "missing_lines": 0,
                "excluded_lines": 0,
                "num_branches": 2,
                "num_partial_branches": 0,
                "covered_branches": 2,
                "missing_branches": 0
            },
            "missing_lines": [],
            "excluded_lines": []
        }
    },
    "totals": {
        "covered_lines": 41,
        "num_statements": 41,
        "percent_covered": 100.0,
        "missing_lines": 0,
        "excluded_lines": 0,
        "num_branches": 14,
        "num_partial_branches": 0,
        "covered_branches": 14,
        "missing_branches": 0
    }
}