{
    "meta": {
        "version": "5.5",
        "timestamp": "2021-08-06T15:53:36.760823",
        "branch_coverage": true,
        "show_contexts": false
    },
    "files": {
        "iterative_shell_sort.py": {
            "executed_lines": [
                3,
                21,
                24,
                32,
                45,
                46,
                47,
                48,
                49,
                50,
                51,
                52,
                53,
                54
            ],
            "summary": {
                "covered_lines": 14,
                "num_statements": 14,
                "percent_covered": 100.0,
                "missing_lines": 0,
                "excluded_lines": 0,
                "num_branches": 8,
                "num_partial_branches": 0,
                "covered_branches": 8,
                "missing_branches": 0
            },
            "missing_lines": [],
            "excluded_lines": []
        },
        "test_shell_sort.py": {
            "executed_lines": [
                3,
                6,
                9,
                11,
                17,
                18,
                20,
                23,
                24,
                26,
                27,
                30,
                33,
                35,
                36,
                39,
                42,
                44,
                45,
                48,
                51,
                53
            ],
            "summary": {
                "covered_lines": 22,
                "num_statements": 22,
                "percent_covered": 100.0,
                "missing_lines": 0,
                "excluded_lines": 0,
                "num_branches": 0,
                "num_partial_branches": 0,
                "covered_branches": 0,
                "missing_branches": 0
            },
            "missing_lines": [],
            "excluded_lines": []
        }
    },
    "totals": {
        "covered_lines": 36,
        "num_statements": 36,
        "percent_covered": 100.0,
        "missing_lines": 0,
        "excluded_lines": 0,
        "num_branches": 8,
        "num_partial_branches": 0,
        "covered_branches": 8,
        "missing_branches": 0
    }
}