{
    "meta": {
        "version": "5.5",
        "timestamp": "2021-08-26T10:40:05.766245",
        "branch_coverage": true,
        "show_contexts": false
    },
    "files": {
        "gcd_iter.py": {
            "executed_lines": [
                3,
                6,
                14,
                33,
                34,
                35,
                36,
                37,
                38
            ],
            "summary": {
                "covered_lines": 9,
                "num_statements": 9,
                "percent_covered": 100.0,
                "missing_lines": 0,
                "excluded_lines": 0,
                "num_branches": 6,
                "num_partial_branches": 0,
                "covered_branches": 6,
                "missing_branches": 0
            },
            "missing_lines": [],
            "excluded_lines": []
        },
        "gcd_rec.py": {
            "executed_lines": [
                3,
                6,
                14,
                34,
                36,
                37,
                38,
                40,
                41,
                42,
                43
            ],
            "summary": {
                "covered_lines": 11,
                "num_statements": 11,
                "percent_covered": 100.0,
                "missing_lines": 0,
                "excluded_lines": 0,
                "num_branches": 6,
                "num_partial_branches": 0,
                "covered_branches": 6,
                "missing_branches": 0
            },
            "missing_lines": [],
            "excluded_lines": []
        },
        "test_gcd.py": {
            "executed_lines": [
                3,
                6,
                9,
                11,
                12,
                18,
                19,
                21,
                22,
                23,
                24,
                27,
                31,
                33,
                34,
                35,
                36
            ],
            "summary": {
                "covered_lines": 17,
                "num_statements": 17,
                "percent_covered": 100.0,
                "missing_lines": 0,
                "excluded_lines": 0,
                "num_branches": 2,
                "num_partial_branches": 0,
                "covered_branches": 2,
                "missing_branches": 0
            },
            "missing_lines": [],
            "excluded_lines": []
        }
    },
    "totals": {
        "covered_lines": 37,
        "num_statements": 37,
        "percent_covered": 100.0,
        "missing_lines": 0,
        "excluded_lines": 0,
        "num_branches": 14,
        "num_partial_branches": 0,
        "covered_branches": 14,
        "missing_branches": 0
    }
}