{
    "meta": {
        "version": "5.5",
        "timestamp": "2021-07-19T19:22:43.832648",
        "branch_coverage": true,
        "show_contexts": false,
    },
    "files": {
        "icount.py": {
            "executed_lines": [3, 6, 9, 10, 23, 42, 43, 44, 46, 47],
            "summary": {
                "covered_lines": 10,
                "num_statements": 10,
                "percent_covered": 100.0,
                "missing_lines": 0,
                "excluded_lines": 0,
                "num_branches": 2,
                "num_partial_branches": 0,
                "covered_branches": 2,
                "missing_branches": 0,
            },
            "missing_lines": [],
            "excluded_lines": [],
        },
        "test_icount.py": {
            "executed_lines": [
                3,
                6,
                9,
                11,
                13,
                19,
                22,
                23,
                25,
                28,
                29,
                31,
                34,
                36,
                37,
                38,
                39,
                40,
                41,
                44,
                46,
                49,
                51,
                52,
                53,
            ],
            "summary": {
                "covered_lines": 25,
                "num_statements": 25,
                "percent_covered": 100.0,
                "missing_lines": 0,
                "excluded_lines": 0,
                "num_branches": 8,
                "num_partial_branches": 0,
                "covered_branches": 8,
                "missing_branches": 0,
            },
            "missing_lines": [],
            "excluded_lines": [],
        },
    },
    "totals": {
        "covered_lines": 35,
        "num_statements": 35,
        "percent_covered": 100.0,
        "missing_lines": 0,
        "excluded_lines": 0,
        "num_branches": 10,
        "num_partial_branches": 0,
        "covered_branches": 10,
        "missing_branches": 0,
    },
}
