{
    "meta": {
        "version": "5.5",
        "timestamp": "2021-08-27T00:03:17.529802",
        "branch_coverage": true,
        "show_contexts": false
    },
    "files": {
        "jump_search_iter.py": {
            "executed_lines": [
                3,
                6,
                9,
                10,
                18,
                40,
                42,
                44,
                45,
                46,
                47,
                48,
                49,
                50,
                51,
                52,
                53,
                54,
                55,
                56,
                57,
                58,
                59,
                60,
                61
            ],
            "summary": {
                "covered_lines": 25,
                "num_statements": 25,
                "percent_covered": 100.0,
                "missing_lines": 0,
                "excluded_lines": 0,
                "num_branches": 8,
                "num_partial_branches": 0,
                "covered_branches": 8,
                "missing_branches": 0
            },
            "missing_lines": [],
            "excluded_lines": []
        },
        "test_jump_search.py": {
            "executed_lines": [
                3,
                6,
                9,
                11,
                16,
                17,
                19,
                22,
                31,
                33,
                36,
                46,
                48,
                51,
                52,
                54,
                55,
                56,
                59,
                68,
                70,
                71,
                72,
                73,
                75
            ],
            "summary": {
                "covered_lines": 25,
                "num_statements": 25,
                "percent_covered": 100.0,
                "missing_lines": 0,
                "excluded_lines": 0,
                "num_branches": 6,
                "num_partial_branches": 0,
                "covered_branches": 6,
                "missing_branches": 0
            },
            "missing_lines": [],
            "excluded_lines": []
        }
    },
    "totals": {
        "covered_lines": 50,
        "num_statements": 50,
        "percent_covered": 100.0,
        "missing_lines": 0,
        "excluded_lines": 0,
        "num_branches": 14,
        "num_partial_branches": 0,
        "covered_branches": 14,
        "missing_branches": 0
    }
}