{
    "meta": {
        "version": "5.5",
        "timestamp": "2021-08-27T00:05:56.951066",
        "branch_coverage": true,
        "show_contexts": false
    },
    "files": {
        "linear_search_iter.py": {
            "executed_lines": [
                3,
                6,
                9,
                17,
                33,
                34,
                35,
                36
            ],
            "summary": {
                "covered_lines": 8,
                "num_statements": 8,
                "percent_covered": 100.0,
                "missing_lines": 0,
                "excluded_lines": 0,
                "num_branches": 4,
                "num_partial_branches": 0,
                "covered_branches": 4,
                "missing_branches": 0
            },
            "missing_lines": [],
            "excluded_lines": []
        },
        "linear_search_rec.py": {
            "executed_lines": [
                3,
                6,
                9,
                17,
                33,
                34,
                35,
                36,
                37,
                38,
                39
            ],
            "summary": {
                "covered_lines": 11,
                "num_statements": 11,
                "percent_covered": 100.0,
                "missing_lines": 0,
                "excluded_lines": 0,
                "num_branches": 6,
                "num_partial_branches": 0,
                "covered_branches": 6,
                "missing_branches": 0
            },
            "missing_lines": [],
            "excluded_lines": []
        },
        "test_linear_search.py": {
            "executed_lines": [
                3,
                6,
                9,
                11,
                12,
                15,
                16,
                18,
                21,
                26,
                28,
                31,
                34,
                36,
                37
            ],
            "summary": {
                "covered_lines": 15,
                "num_statements": 15,
                "percent_covered": 100.0,
                "missing_lines": 0,
                "excluded_lines": 0,
                "num_branches": 2,
                "num_partial_branches": 0,
                "covered_branches": 2,
                "missing_branches": 0
            },
            "missing_lines": [],
            "excluded_lines": []
        }
    },
    "totals": {
        "covered_lines": 34,
        "num_statements": 34,
        "percent_covered": 100.0,
        "missing_lines": 0,
        "excluded_lines": 0,
        "num_branches": 12,
        "num_partial_branches": 0,
        "covered_branches": 12,
        "missing_branches": 0
    }
}