{
    "meta": {
        "version": "5.5",
        "timestamp": "2021-08-26T09:48:26.109445",
        "branch_coverage": true,
        "show_contexts": false
    },
    "files": {
        "factorial_iter.py": {
            "executed_lines": [
                3,
                6,
                14,
                34,
                35,
                36,
                37,
                38,
                39,
                40,
                41
            ],
            "summary": {
                "covered_lines": 11,
                "num_statements": 11,
                "percent_covered": 100.0,
                "missing_lines": 0,
                "excluded_lines": 0,
                "num_branches": 6,
                "num_partial_branches": 0,
                "covered_branches": 6,
                "missing_branches": 0
            },
            "missing_lines": [],
            "excluded_lines": []
        },
        "factorial_rec.py": {
            "executed_lines": [
                3,
                6,
                9,
                17,
                38,
                39,
                41,
                42,
                43,
                45,
                46,
                47,
                48,
                49
            ],
            "summary": {
                "covered_lines": 14,
                "num_statements": 14,
                "percent_covered": 100.0,
                "missing_lines": 0,
                "excluded_lines": 0,
                "num_branches": 6,
                "num_partial_branches": 0,
                "covered_branches": 6,
                "missing_branches": 0
            },
            "missing_lines": [],
            "excluded_lines": []
        },
        "test_factorial.py": {
            "executed_lines": [
                3,
                6,
                9,
                11,
                12,
                15,
                16,
                18,
                19,
                20,
                21,
                24,
                25,
                27,
                28,
                29,
                30,
                33,
                34,
                36
            ],
            "summary": {
                "covered_lines": 20,
                "num_statements": 20,
                "percent_covered": 100.0,
                "missing_lines": 0,
                "excluded_lines": 0,
                "num_branches": 0,
                "num_partial_branches": 0,
                "covered_branches": 0,
                "missing_branches": 0
            },
            "missing_lines": [],
            "excluded_lines": []
        }
    },
    "totals": {
        "covered_lines": 45,
        "num_statements": 45,
        "percent_covered": 100.0,
        "missing_lines": 0,
        "excluded_lines": 0,
        "num_branches": 12,
        "num_partial_branches": 0,
        "covered_branches": 12,
        "missing_branches": 0
    }
}