{
    "meta": {
        "version": "5.5",
        "timestamp": "2021-05-19T20:55:28.882549",
        "branch_coverage": true,
        "show_contexts": false
    },
    "files": {
        "ienumerate.py": {
            "executed_lines": [
                3,
                6,
                15,
                43,
                44,
                45,
                46,
                47,
                48,
                49
            ],
            "summary": {
                "covered_lines": 10,
                "num_statements": 10,
                "percent_covered": 100.0,
                "missing_lines": 0,
                "excluded_lines": 0,
                "num_branches": 4,
                "num_partial_branches": 0,
                "covered_branches": 4,
                "missing_branches": 0
            },
            "missing_lines": [],
            "excluded_lines": []
        },
        "test_ienumerate.py": {
            "executed_lines": [
                3,
                6,
                9,
                11,
                13,
                16,
                18,
                19,
                23,
                25,
                26,
                27,
                28,
                31,
                33,
                34
            ],
            "summary": {
                "covered_lines": 16,
                "num_statements": 17,
                "percent_covered": 90.47619047619048,
                "missing_lines": 1,
                "excluded_lines": 0,
                "num_branches": 4,
                "num_partial_branches": 1,
                "covered_branches": 3,
                "missing_branches": 1
            },
            "missing_lines": [
                20
            ],
            "excluded_lines": []
        }
    },
    "totals": {
        "covered_lines": 26,
        "num_statements": 27,
        "percent_covered": 94.28571428571429,
        "missing_lines": 1,
        "excluded_lines": 0,
        "num_branches": 8,
        "num_partial_branches": 1,
        "covered_branches": 7,
        "missing_branches": 1
    }
}