{
    "meta": {
        "version": "5.5",
        "timestamp": "2021-08-18T12:50:33.564436",
        "branch_coverage": true,
        "show_contexts": false
    },
    "files": {
        "irepeat.py": {
            "executed_lines": [
                3,
                6,
                9,
                17,
                46,
                48,
                50,
                52,
                53,
                55,
                56,
                57
            ],
            "summary": {
                "covered_lines": 12,
                "num_statements": 12,
                "percent_covered": 100.0,
                "missing_lines": 0,
                "excluded_lines": 0,
                "num_branches": 6,
                "num_partial_branches": 0,
                "covered_branches": 6,
                "missing_branches": 0
            },
            "missing_lines": [],
            "excluded_lines": []
        },
        "test_irepeat.py": {
            "executed_lines": [
                3,
                6,
                9,
                11,
                13,
                19,
                21,
                22,
                23,
                24,
                25,
                26,
                27,
                30,
                34,
                36,
                39,
                43,
                45,
                46,
                47,
                48
            ],
            "summary": {
                "covered_lines": 22,
                "num_statements": 22,
                "percent_covered": 100.0,
                "missing_lines": 0,
                "excluded_lines": 0,
                "num_branches": 2,
                "num_partial_branches": 0,
                "covered_branches": 2,
                "missing_branches": 0
            },
            "missing_lines": [],
            "excluded_lines": []
        }
    },
    "totals": {
        "covered_lines": 34,
        "num_statements": 34,
        "percent_covered": 100.0,
        "missing_lines": 0,
        "excluded_lines": 0,
        "num_branches": 8,
        "num_partial_branches": 0,
        "covered_branches": 8,
        "missing_branches": 0
    }
}