{
    "meta": {
        "version": "5.5",
        "timestamp": "2021-07-15T13:25:11.696512",
        "branch_coverage": true,
        "show_contexts": false
    },
    "files": {
        "ifilter.py": {
            "executed_lines": [
                3,
                6,
                9,
                21,
                49,
                50,
                51,
                52,
                54,
                55
            ],
            "summary": {
                "covered_lines": 10,
                "num_statements": 10,
                "percent_covered": 100.0,
                "missing_lines": 0,
                "excluded_lines": 0,
                "num_branches": 8,
                "num_partial_branches": 0,
                "covered_branches": 8,
                "missing_branches": 0
            },
            "missing_lines": [],
            "excluded_lines": []
        },
        "test_ifilter.py": {
            "executed_lines": [
                3,
                6,
                9,
                11,
                13,
                19,
                20,
                22,
                28,
                30,
                31,
                34,
                36,
                37,
                40,
                42,
                43,
                46,
                48,
                49,
                50,
                51
            ],
            "summary": {
                "covered_lines": 22,
                "num_statements": 22,
                "percent_covered": 100.0,
                "missing_lines": 0,
                "excluded_lines": 0,
                "num_branches": 6,
                "num_partial_branches": 0,
                "covered_branches": 6,
                "missing_branches": 0
            },
            "missing_lines": [],
            "excluded_lines": []
        }
    },
    "totals": {
        "covered_lines": 32,
        "num_statements": 32,
        "percent_covered": 100.0,
        "missing_lines": 0,
        "excluded_lines": 0,
        "num_branches": 14,
        "num_partial_branches": 0,
        "covered_branches": 14,
        "missing_branches": 0
    }
}