{
    "meta": {
        "version": "5.5",
        "timestamp": "2021-08-06T16:29:20.318466",
        "branch_coverage": true,
        "show_contexts": false
    },
    "files": {
        "merge.py": {
            "executed_lines": [
                3,
                6,
                9,
                18,
                32,
                33,
                34,
                35,
                36,
                37,
                38,
                39,
                40,
                41,
                43,
                44,
                45,
                46
            ],
            "summary": {
                "covered_lines": 18,
                "num_statements": 18,
                "percent_covered": 100.0,
                "missing_lines": 0,
                "excluded_lines": 0,
                "num_branches": 4,
                "num_partial_branches": 0,
                "covered_branches": 4,
                "missing_branches": 0
            },
            "missing_lines": [],
            "excluded_lines": []
        },
        "test_merge.py": {
            "executed_lines": [
                3,
                6,
                9,
                11,
                17,
                18,
                20,
                21,
                24,
                28,
                30,
                31,
                34,
                42,
                44,
                45,
                48,
                56,
                58,
                59
            ],
            "summary": {
                "covered_lines": 20,
                "num_statements": 20,
                "percent_covered": 100.0,
                "missing_lines": 0,
                "excluded_lines": 0,
                "num_branches": 0,
                "num_partial_branches": 0,
                "covered_branches": 0,
                "missing_branches": 0
            },
            "missing_lines": [],
            "excluded_lines": []
        }
    },
    "totals": {
        "covered_lines": 38,
        "num_statements": 38,
        "percent_covered": 100.0,
        "missing_lines": 0,
        "excluded_lines": 0,
        "num_branches": 4,
        "num_partial_branches": 0,
        "covered_branches": 4,
        "missing_branches": 0
    }
}