{
    "meta": {
        "version": "5.5",
        "timestamp": "2021-05-16T15:03:47.393398",
        "branch_coverage": true,
        "show_contexts": false
    },
    "files": {
        "merge.py": {
            "executed_lines": [
                3,
                6,
                15,
                30,
                31,
                32,
                33,
                34,
                35,
                36,
                37,
                38,
                39,
                41,
                42,
                45,
                46,
                47,
                48,
                49,
                50,
                51
            ],
            "summary": {
                "covered_lines": 22,
                "num_statements": 22,
                "percent_covered": 100.0,
                "missing_lines": 0,
                "excluded_lines": 0,
                "num_branches": 8,
                "num_partial_branches": 0,
                "covered_branches": 8,
                "missing_branches": 0
            },
            "missing_lines": [],
            "excluded_lines": []
        },
        "test_merge.py": {
            "executed_lines": [
                3,
                6,
                9,
                11,
                15,
                17,
                18,
                19,
                22,
                24,
                25,
                26,
                27,
                28,
                31,
                33,
                34,
                35,
                36,
                37,
                40,
                42,
                43,
                44,
                45,
                46
            ],
            "summary": {
                "covered_lines": 26,
                "num_statements": 26,
                "percent_covered": 100.0,
                "missing_lines": 0,
                "excluded_lines": 0,
                "num_branches": 0,
                "num_partial_branches": 0,
                "covered_branches": 0,
                "missing_branches": 0
            },
            "missing_lines": [],
            "excluded_lines": []
        }
    },
    "totals": {
        "covered_lines": 48,
        "num_statements": 48,
        "percent_covered": 100.0,
        "missing_lines": 0,
        "excluded_lines": 0,
        "num_branches": 8,
        "num_partial_branches": 0,
        "covered_branches": 8,
        "missing_branches": 0
    }
}