{
    "meta": {
        "version": "5.5",
        "timestamp": "2021-07-15T15:38:18.318700",
        "branch_coverage": true,
        "show_contexts": false
    },
    "files": {
        "iterative_binary_search.py": {
            "executed_lines": [
                3,
                6,
                9,
                17,
                39,
                40,
                41,
                43,
                44,
                45,
                46,
                47,
                48,
                50,
                51
            ],
            "summary": {
                "covered_lines": 15,
                "num_statements": 15,
                "percent_covered": 100.0,
                "missing_lines": 0,
                "excluded_lines": 0,
                "num_branches": 6,
                "num_partial_branches": 0,
                "covered_branches": 6,
                "missing_branches": 0
            },
            "missing_lines": [],
            "excluded_lines": []
        },
        "recursive_binary_search.py": {
            "executed_lines": [
                3,
                6,
                9,
                17,
                39,
                41,
                43,
                44,
                45,
                46,
                47,
                48,
                49,
                50,
                52
            ],
            "summary": {
                "covered_lines": 15,
                "num_statements": 15,
                "percent_covered": 100.0,
                "missing_lines": 0,
                "excluded_lines": 0,
                "num_branches": 6,
                "num_partial_branches": 0,
                "covered_branches": 6,
                "missing_branches": 0
            },
            "missing_lines": [],
            "excluded_lines": []
        },
        "test_binary_search.py": {
            "executed_lines": [
                3,
                6,
                9,
                11,
                12,
                15,
                16,
                18,
                21,
                24,
                26,
                29,
                30,
                32,
                33
            ],
            "summary": {
                "covered_lines": 15,
                "num_statements": 15,
                "percent_covered": 100.0,
                "missing_lines": 0,
                "excluded_lines": 0,
                "num_branches": 2,
                "num_partial_branches": 0,
                "covered_branches": 2,
                "missing_branches": 0
            },
            "missing_lines": [],
            "excluded_lines": []
        }
    },
    "totals": {
        "covered_lines": 45,
        "num_statements": 45,
        "percent_covered": 100.0,
        "missing_lines": 0,
        "excluded_lines": 0,
        "num_branches": 14,
        "num_partial_branches": 0,
        "covered_branches": 14,
        "missing_branches": 0
    }
}