{
    "meta": {
        "version": "5.5",
        "timestamp": "2021-08-26T23:59:24.220506",
        "branch_coverage": true,
        "show_contexts": false
    },
    "files": {
        "binary_search_iter.py": {
            "executed_lines": [
                3,
                6,
                9,
                17,
                39,
                40,
                41,
                43,
                44,
                45,
                46,
                47,
                48,
                50,
                51
            ],
            "summary": {
                "covered_lines": 15,
                "num_statements": 15,
                "percent_covered": 100.0,
                "missing_lines": 0,
                "excluded_lines": 0,
                "num_branches": 6,
                "num_partial_branches": 0,
                "covered_branches": 6,
                "missing_branches": 0
            },
            "missing_lines": [],
            "excluded_lines": []
        },
        "binary_search_rec.py": {
            "executed_lines": [
                3,
                6,
                9,
                17,
                39,
                41,
                43,
                44,
                45,
                46,
                47,
                48,
                49,
                50,
                52
            ],
            "summary": {
                "covered_lines": 15,
                "num_statements": 15,
                "percent_covered": 100.0,
                "missing_lines": 0,
                "excluded_lines": 0,
                "num_branches": 6,
                "num_partial_branches": 0,
                "covered_branches": 6,
                "missing_branches": 0
            },
            "missing_lines": [],
            "excluded_lines": []
        },
        "test_binary_search.py": {
            "executed_lines": [
                3,
                6,
                9,
                11,
                12,
                15,
                16,
                18,
                19,
                22,
                31,
                33,
                34,
                37,
                47,
                49,
                52,
                53,
                55,
                56,
                57,
                58,
                61,
                70,
                72,
                73,
                74,
                75,
                76,
                78
            ],
            "summary": {
                "covered_lines": 30,
                "num_statements": 30,
                "percent_covered": 100.0,
                "missing_lines": 0,
                "excluded_lines": 0,
                "num_branches": 6,
                "num_partial_branches": 0,
                "covered_branches": 6,
                "missing_branches": 0
            },
            "missing_lines": [],
            "excluded_lines": []
        }
    },
    "totals": {
        "covered_lines": 60,
        "num_statements": 60,
        "percent_covered": 100.0,
        "missing_lines": 0,
        "excluded_lines": 0,
        "num_branches": 18,
        "num_partial_branches": 0,
        "covered_branches": 18,
        "missing_branches": 0
    }
}