{
    "meta": {
        "version": "5.5",
        "timestamp": "2021-07-19T18:58:39.585578",
        "branch_coverage": true,
        "show_contexts": false
    },
    "files": {
        "icycle.py": {
            "executed_lines": [
                3,
                6,
                9,
                22,
                41,
                42
            ],
            "summary": {
                "covered_lines": 6,
                "num_statements": 6,
                "percent_covered": 100.0,
                "missing_lines": 0,
                "excluded_lines": 0,
                "num_branches": 0,
                "num_partial_branches": 0,
                "covered_branches": 0,
                "missing_branches": 0
            },
            "missing_lines": [],
            "excluded_lines": []
        },
        "test_icycle.py": {
            "executed_lines": [
                3,
                6,
                9,
                11,
                13,
                19,
                20,
                22,
                25,
                26,
                28,
                31,
                33,
                34,
                35,
                36,
                37,
                40,
                42,
                45,
                47,
                48,
                49
            ],
            "summary": {
                "covered_lines": 23,
                "num_statements": 23,
                "percent_covered": 100.0,
                "missing_lines": 0,
                "excluded_lines": 0,
                "num_branches": 6,
                "num_partial_branches": 0,
                "covered_branches": 6,
                "missing_branches": 0
            },
            "missing_lines": [],
            "excluded_lines": []
        }
    },
    "totals": {
        "covered_lines": 29,
        "num_statements": 29,
        "percent_covered": 100.0,
        "missing_lines": 0,
        "excluded_lines": 0,
        "num_branches": 6,
        "num_partial_branches": 0,
        "covered_branches": 6,
        "missing_branches": 0
    }
}